<?xml version="1.0" encoding="UTF-8"?>
<!-- Generated by org.testng.reporters.JUnitXMLReporter -->
<testsuite ignored="0" hostname="DESKTOP-UFA15BI" failures="0" tests="3" name="Default test" time="76.674" errors="0" timestamp="2023-04-05T00:13:08 IST">
  <testcase classname="day07.program03" name="testCase" time="42.579"/>
  <testcase classname="day07.program03" name="testCase" time="19.164"/>
  <testcase classname="day07.program03" name="testCase" time="14.842"/>
</testsuite> <!-- Default test -->
