<?xml version="1.0" encoding="UTF-8"?>
<!-- Generated by org.testng.reporters.JUnitXMLReporter -->
<testsuite ignored="0" hostname="DESKTOP-UFA15BI" failures="0" tests="3" name="Default test" time="0.093" errors="0" timestamp="2023-04-01T00:00:13 IST">
  <testcase classname="day06.program06" name="testCases01" time="0.012"/>
  <testcase classname="day06.program06" name="testCases02" time="0.001"/>
  <testcase classname="day06.program06" name="testCases03" time="0.003"/>
</testsuite> <!-- Default test -->
