<?xml version="1.0" encoding="UTF-8"?>
<testng-results ignored="0" total="3" passed="3" failed="0" skipped="0">
  <reporter-output>
  </reporter-output>
  <suite started-at="2023-04-01T00:00:13 IST" name="Default suite" finished-at="2023-04-01T00:00:13 IST" duration-ms="93">
    <groups>
    </groups>
    <test started-at="2023-04-01T00:00:13 IST" name="Default test" finished-at="2023-04-01T00:00:13 IST" duration-ms="93">
      <class name="day06.program06">
        <test-method is-config="true" signature="testBefore()[pri:0, instance:day06.program06@4738a206]" started-at="2023-04-01T00:00:13 IST" name="testBefore" finished-at="2023-04-01T00:00:13 IST" duration-ms="8" status="PASS">
          <reporter-output>
          </reporter-output>
        </test-method> <!-- testBefore -->
        <test-method signature="testCases01()[pri:0, instance:day06.program06@4738a206]" started-at="2023-04-01T00:00:13 IST" name="testCases01" finished-at="2023-04-01T00:00:13 IST" duration-ms="12" status="PASS">
          <reporter-output>
          </reporter-output>
        </test-method> <!-- testCases01 -->
        <test-method is-config="true" signature="testAfter()[pri:0, instance:day06.program06@4738a206]" started-at="2023-04-01T00:00:13 IST" name="testAfter" finished-at="2023-04-01T00:00:13 IST" duration-ms="1" status="PASS">
          <reporter-output>
          </reporter-output>
        </test-method> <!-- testAfter -->
        <test-method signature="testCases02()[pri:0, instance:day06.program06@4738a206]" started-at="2023-04-01T00:00:13 IST" name="testCases02" finished-at="2023-04-01T00:00:13 IST" duration-ms="1" status="PASS">
          <reporter-output>
          </reporter-output>
        </test-method> <!-- testCases02 -->
        <test-method is-config="true" signature="testBefore()[pri:0, instance:day06.program06@4738a206]" started-at="2023-04-01T00:00:13 IST" name="testBefore" finished-at="2023-04-01T00:00:13 IST" duration-ms="0" status="PASS">
          <reporter-output>
          </reporter-output>
        </test-method> <!-- testBefore -->
        <test-method is-config="true" signature="testAfter()[pri:0, instance:day06.program06@4738a206]" started-at="2023-04-01T00:00:13 IST" name="testAfter" finished-at="2023-04-01T00:00:13 IST" duration-ms="1" status="PASS">
          <reporter-output>
          </reporter-output>
        </test-method> <!-- testAfter -->
        <test-method is-config="true" signature="testBefore()[pri:0, instance:day06.program06@4738a206]" started-at="2023-04-01T00:00:13 IST" name="testBefore" finished-at="2023-04-01T00:00:13 IST" duration-ms="0" status="PASS">
          <reporter-output>
          </reporter-output>
        </test-method> <!-- testBefore -->
        <test-method signature="testCases03()[pri:0, instance:day06.program06@4738a206]" started-at="2023-04-01T00:00:13 IST" name="testCases03" finished-at="2023-04-01T00:00:13 IST" duration-ms="3" status="PASS">
          <reporter-output>
          </reporter-output>
        </test-method> <!-- testCases03 -->
        <test-method is-config="true" signature="testAfter()[pri:0, instance:day06.program06@4738a206]" started-at="2023-04-01T00:00:13 IST" name="testAfter" finished-at="2023-04-01T00:00:13 IST" duration-ms="0" status="PASS">
          <reporter-output>
          </reporter-output>
        </test-method> <!-- testAfter -->
      </class> <!-- day06.program06 -->
    </test> <!-- Default test -->
  </suite> <!-- Default suite -->
</testng-results>
