<?xml version="1.0" encoding="UTF-8"?>
<testng-results ignored="0" total="3" passed="3" failed="0" skipped="0">
  <reporter-output>
  </reporter-output>
  <suite started-at="2023-04-05T00:11:51 IST" name="Default suite" finished-at="2023-04-05T00:13:08 IST" duration-ms="76674">
    <groups>
    </groups>
    <test started-at="2023-04-05T00:11:51 IST" name="Default test" finished-at="2023-04-05T00:13:08 IST" duration-ms="76674">
      <class name="day07.program03">
        <test-method signature="testCase(java.lang.String,java.lang.String)[pri:0, instance:day07.program03@4fb3ee4e]" started-at="2023-04-05T00:11:51 IST" name="testCase" data-provider="demoTest" finished-at="2023-04-05T00:12:34 IST" duration-ms="42579" status="PASS">
          <params>
            <param index="0">
              <value>
                <![CDATA[user1]]>
              </value>
            </param>
            <param index="1">
              <value>
                <![CDATA[pwd1]]>
              </value>
            </param>
          </params>
          <reporter-output>
          </reporter-output>
        </test-method> <!-- testCase -->
        <test-method signature="testCase(java.lang.String,java.lang.String)[pri:0, instance:day07.program03@4fb3ee4e]" started-at="2023-04-05T00:12:34 IST" name="testCase" data-provider="demoTest" finished-at="2023-04-05T00:12:53 IST" duration-ms="19164" status="PASS">
          <params>
            <param index="0">
              <value>
                <![CDATA[user2]]>
              </value>
            </param>
            <param index="1">
              <value>
                <![CDATA[pwd2]]>
              </value>
            </param>
          </params>
          <reporter-output>
          </reporter-output>
        </test-method> <!-- testCase -->
        <test-method signature="testCase(java.lang.String,java.lang.String)[pri:0, instance:day07.program03@4fb3ee4e]" started-at="2023-04-05T00:12:53 IST" name="testCase" data-provider="demoTest" finished-at="2023-04-05T00:13:08 IST" duration-ms="14842" status="PASS">
          <params>
            <param index="0">
              <value>
                <![CDATA[user3]]>
              </value>
            </param>
            <param index="1">
              <value>
                <![CDATA[pwd3]]>
              </value>
            </param>
          </params>
          <reporter-output>
          </reporter-output>
        </test-method> <!-- testCase -->
      </class> <!-- day07.program03 -->
    </test> <!-- Default test -->
  </suite> <!-- Default suite -->
</testng-results>
